-------------------------------------------------------------------------------
Test set: Chess.Board.TestBoardFactory
-------------------------------------------------------------------------------
Tests run: 1, Failures: 1, Errors: 0, Skipped: 0, Time elapsed: 0.045 s <<< FAILURE! - in Chess.Board.TestBoardFactory
test(Chess.Board.TestBoardFactory)  Time elapsed: 0.004 s  <<< FAILURE!
java.lang.AssertionError: Not yet implemented
	at Chess/Chess.Board.TestBoardFactory.test(TestBoardFactory.java:11)

